This is pdfTeX, Version 3.141592653-2.6-1.40.27 (TeX Live 2026/dev/Arch Linux) (preloaded format=pdflatex 2025.5.9)  20 MAY 2025 20:51
entering extended mode
 restricted \write18 enabled.
 file:line:error style messages enabled.
 %&-line parsing enabled.
**/home/yeshua/Documents/S1_ABRIL25_AGOSTO_25/SEGURIDAD_DE_SOFTWARE/23358-ING.-SEGURIDAD-DEL-SOFTWARE/PARCIAL_UNO/TALLER3_OWASP/thesis.tex
(/home/yeshua/Documents/S1_ABRIL25_AGOSTO_25/SEGURIDAD_DE_SOFTWARE/23358-ING.-SEGURIDAD-DEL-SOFTWARE/PARCIAL_UNO/TALLER3_OWASP/thesis.tex
LaTeX2e <2024-11-01> patch level 2
L3 programming layer <2025-01-18>
(/usr/share/texmf-dist/tex/latex/base/article.cls
Document Class: article 2024/06/29 v1.4n Standard LaTeX document class
(/usr/share/texmf-dist/tex/latex/base/size12.clo
File: size12.clo 2024/06/29 v1.4n Standard LaTeX file (size option)
)
\c@part=\count196
\c@section=\count197
\c@subsection=\count198
\c@subsubsection=\count199
\c@paragraph=\count266
\c@subparagraph=\count267
\c@figure=\count268
\c@table=\count269
\abovecaptionskip=\skip49
\belowcaptionskip=\skip50
\bibindent=\dimen141
) (/usr/share/texmf-dist/tex/latex/base/inputenc.sty
Package: inputenc 2024/02/08 v1.3d Input encoding file
\inpenc@prehook=\toks17
\inpenc@posthook=\toks18
) (/usr/share/texmf-dist/tex/latex/graphics/graphicx.sty
Package: graphicx 2021/09/16 v1.2d Enhanced LaTeX Graphics (DPC,SPQR)
 (/usr/share/texmf-dist/tex/latex/graphics/keyval.sty
Package: keyval 2022/05/29 v1.15 key=value parser (DPC)
\KV@toks@=\toks19
) (/usr/share/texmf-dist/tex/latex/graphics/graphics.sty
Package: graphics 2024/08/06 v1.4g Standard LaTeX Graphics (DPC,SPQR)
 (/usr/share/texmf-dist/tex/latex/graphics/trig.sty
Package: trig 2023/12/02 v1.11 sin cos tan (DPC)
) (/usr/share/texmf-dist/tex/latex/graphics-cfg/graphics.cfg
File: graphics.cfg 2016/06/04 v1.11 sample graphics configuration
)
Package graphics Info: Driver file: pdftex.def on input line 106.
 (/usr/share/texmf-dist/tex/latex/graphics-def/pdftex.def
File: pdftex.def 2024/04/13 v1.2c Graphics/color driver for pdftex
))
\Gin@req@height=\dimen142
\Gin@req@width=\dimen143
) (/usr/share/texmf-dist/tex/generic/babel/babel.sty
Package: babel 2025/02/14 v25.4 The multilingual framework for pdfLaTeX, LuaLaTeX and XeLaTeX
\babel@savecnt=\count270
\U@D=\dimen144
\l@unhyphenated=\language3
 (/usr/share/texmf-dist/tex/generic/babel/txtbabel.def)
\bbl@readstream=\read2
\bbl@dirlevel=\count271
 (/usr/share/texmf-dist/tex/generic/babel/locale/es/babel-spanish.tex)
Package babel Info: Importing data for spanish
(babel)             from babel-es.ini. Reported on input line 4167.
Package babel Info: Hyphen rules for 'spanish' set to \l@english
(babel)             (\language0). Reported on input line 4167.
) (/usr/share/texmf-dist/tex/latex/float/float.sty
Package: float 2001/11/08 v1.3d Float enhancements (AL)
\c@float@type=\count272
\float@exts=\toks20
\float@box=\box52
\@float@everytoks=\toks21
\@floatcapt=\box53
) (/usr/share/texmf-dist/tex/latex/url/url.sty
\Urlmuskip=\muskip17
Package: url 2013/09/16  ver 3.4  Verb mode for urls, etc.
) (/usr/share/texmf-dist/tex/latex/l3backend/l3backend-pdftex.def
File: l3backend-pdftex.def 2024-05-08 L3 backend support: PDF output (pdfTeX)
\l__color_backend_stack_int=\count273
\l__pdf_internal_box=\box54
) (./thesis.aux)
\openout1 = `thesis.aux'.

LaTeX Font Info:    Checking defaults for OML/cmm/m/it on input line 8.
LaTeX Font Info:    ... okay on input line 8.
LaTeX Font Info:    Checking defaults for OMS/cmsy/m/n on input line 8.
LaTeX Font Info:    ... okay on input line 8.
LaTeX Font Info:    Checking defaults for OT1/cmr/m/n on input line 8.
LaTeX Font Info:    ... okay on input line 8.
LaTeX Font Info:    Checking defaults for T1/cmr/m/n on input line 8.
LaTeX Font Info:    ... okay on input line 8.
LaTeX Font Info:    Checking defaults for TS1/cmr/m/n on input line 8.
LaTeX Font Info:    ... okay on input line 8.
LaTeX Font Info:    Checking defaults for OMX/cmex/m/n on input line 8.
LaTeX Font Info:    ... okay on input line 8.
LaTeX Font Info:    Checking defaults for U/cmr/m/n on input line 8.
LaTeX Font Info:    ... okay on input line 8.
 (/usr/share/texmf-dist/tex/context/base/mkii/supp-pdf.mkii
[Loading MPS to PDF converter (version 2006.09.02).]
\scratchcounter=\count274
\scratchdimen=\dimen145
\scratchbox=\box55
\nofMPsegments=\count275
\nofMParguments=\count276
\everyMPshowfont=\toks22
\MPscratchCnt=\count277
\MPscratchDim=\dimen146
\MPnumerator=\count278
\makeMPintoPDFobject=\count279
\everyMPtoPDFconversion=\toks23
) (/usr/share/texmf-dist/tex/latex/epstopdf-pkg/epstopdf-base.sty
Package: epstopdf-base 2020-01-24 v2.11 Base part for package epstopdf
Package epstopdf-base Info: Redefining graphics rule for `.eps' on input line 485.
 (/usr/share/texmf-dist/tex/latex/latexconfig/epstopdf-sys.cfg
File: epstopdf-sys.cfg 2010/07/13 v1.3 Configuration of (r)epstopdf for TeX Live
))
<espe.png, id=1, 803.0pt x 301.125pt>
File: espe.png Graphic file (type png)
<use espe.png>
Package pdftex.def Info: espe.png  used on input line 15.
(pdftex.def)             Requested size: 312.00119pt x 117.00175pt.


[1

{/var/lib/texmf/fonts/map/pdftex/updmap/pdftex.map} <./espe.png>] (./thesis.toc
LaTeX Font Info:    External font `cmex10' loaded for size
(Font)              <12> on input line 3.
LaTeX Font Info:    External font `cmex10' loaded for size
(Font)              <8> on input line 3.
LaTeX Font Info:    External font `cmex10' loaded for size
(Font)              <6> on input line 3.
)
\tf@toc=\write3
\openout3 = `thesis.toc'.



[1]

[2{/usr/share/texmf-dist/fonts/enc/dvips/cm-super/cm-super-ts1.enc}]
Overfull \hbox (0.82845pt too wide) in paragraph at lines 67--68
[]\OT1/cmr/bx/n/12 Promoci^^Son de bue-nas pr^^Sacticas: \OT1/cmr/m/n/12 Fa-cili-ta metodolog^^S^^Pas para dise~nar,
 []


Overfull \hbox (4.285pt too wide) in paragraph at lines 68--69
\OT1/cmr/m/n/12 co-mo OWASP ZAP (her-ramien-ta de an^^Salisis de se-guri-dad), Dependency-
 []



[3]
Overfull \hbox (3.3578pt too wide) in paragraph at lines 93--94
[]\OT1/cmr/bx/n/12 Descripci^^Son: \OT1/cmr/m/n/12 Im-ple-menta-ciones de-fi-cientes de au-t-en-ti-caci^^Son, co-mo con-
 []


Overfull \hbox (0.24962pt too wide) in paragraph at lines 103--103
[]\OT1/cmr/bx/n/14.4 3. API3:2023 { Au-tor-izaci^^Son de Niv-el de Propiedad
 []



[4]
Overfull \hbox (27.18173pt too wide) in paragraph at lines 112--113
[]\OT1/cmr/m/n/12 Implementar con-troles de-tal-la-dos y val-i-da-ciones es-tric-tas por propiedad. 
 []


Overfull \hbox (32.53368pt too wide) in paragraph at lines 119--120
[]\OT1/cmr/bx/n/12 Impacto: \OT1/cmr/m/n/12 Dene-gaci^^Son de ser-vi-cio (DoS), cos-tos op-er-a-tivos al-tos y degradaci^^Son
 []



[5]

[6]

[7]

[8]
Overfull \hbox (12.2918pt too wide) in paragraph at lines 239--240
[]\OT1/cmr/m/n/12 Gu^^S^^Pa del De-sar-rol-lador OWASP | Fun-da-men-tos de Se-guri-dad | OWASP
 []


Overfull \hbox (23.65437pt too wide) in paragraph at lines 239--240
\OT1/cmr/m/n/12 Foun-da-tion. (n.d.). $\OT1/cmtt/m/n/12 https : / / owasp . org / www-[]project-[]developer-[]guide /
 []


Overfull \hbox (50.4249pt too wide) in paragraph at lines 242--243
\OT1/cmtt/m/n/12 https : / / gti . co . cr / tendencias / revision-[]del-[]top-[]10-[]de-[]owasp-[]api-[]2023$ 
 []



[9] (./thesis.aux)
 ***********
LaTeX2e <2024-11-01> patch level 2
L3 programming layer <2025-01-18>
 ***********
 ) 
Here is how much of TeX's memory you used:
 2668 strings out of 475171
 45898 string characters out of 5767096
 450557 words of memory out of 5000000
 25673 multiletter control sequences out of 15000+600000
 564550 words of font info for 55 fonts, out of 8000000 for 9000
 14 hyphenation exceptions out of 8191
 57i,5n,65p,589b,450s stack positions out of 10000i,1000n,20000p,200000b,200000s
</usr/share/texmf-dist/fonts/type1/public/amsfonts/cm/cmbx12.pfb></usr/share/texmf-dist/fonts/type1/public/amsfonts/cm/cmr12.pfb></usr/share/texmf-dist/fonts/type1/public/amsfonts/cm/cmr17.pfb></usr/share/texmf-dist/fonts/type1/public/amsfonts/cm/cmti12.pfb></usr/share/texmf-dist/fonts/type1/public/amsfonts/cm/cmtt12.pfb></usr/share/texmf-dist/fonts/type1/public/cm-super/sfrm1200.pfb>
Output written on thesis.pdf (10 pages, 156239 bytes).
PDF statistics:
 71 PDF objects out of 1000 (max. 8388607)
 44 compressed objects within 1 object stream
 0 named destinations out of 1000 (max. 500000)
 6 words of extra memory for PDF output out of 10000 (max. 10000000)

