\BOOKMARK [1][-]{section.1}{\376\377\000C\000l\000a\000s\000e\000\040\0001\000\040\000-\000\040\0001\0007\000\040\000d\000e\000\040\000A\000b\000r\000i\000l\000\040\0002\0000\0002\0005\000:\000\040\000I\000n\000t\000r\000o\000d\000u\000c\000c\000i\000\363\000n\000\040\000a\000\040\000l\000a\000\040\000I\000n\000g\000e\000n\000i\000e\000r\000\355\000a\000\040\000d\000e\000\040\000S\000e\000g\000u\000r\000i\000d\000a\000d\000\040\000d\000e\000\040\000S\000o\000f\000t\000w\000a\000r\000e}{}% 1
\BOOKMARK [2][-]{subsection.1.1}{\376\377\000O\000b\000j\000e\000t\000i\000v\000o\000s\000\040\000d\000e\000\040\000A\000p\000r\000e\000n\000d\000i\000z\000a\000j\000e}{section.1}% 2
\BOOKMARK [2][-]{subsection.1.2}{\376\377\000\277\000P\000o\000r\000\040\000q\000u\000\351\000\040\000d\000e\000\040\000l\000a\000\040\000a\000s\000i\000g\000n\000a\000t\000u\000r\000a\000?}{section.1}% 3
\BOOKMARK [2][-]{subsection.1.3}{\376\377\000S\000y\000l\000l\000a\000b\000u\000s}{section.1}% 4
\BOOKMARK [3][-]{subsubsection.1.3.1}{\376\377\000U\000n\000i\000d\000a\000d\000\040\0001\000:\000\040\000I\000n\000t\000r\000o\000d\000u\000c\000c\000i\000\363\000n\000\040\000a\000\040\000l\000a\000\040\000s\000e\000g\000u\000r\000i\000d\000a\000d\000\040\000d\000e\000\040\000l\000a\000\040\000i\000n\000f\000o\000r\000m\000a\000c\000i\000\363\000n}{subsection.1.3}% 5
\BOOKMARK [2][-]{subsection.1.4}{\376\377\000U\000n\000i\000d\000a\000d\000\040\0002\000:\000\040\000M\000e\000c\000a\000n\000i\000s\000m\000o\000s\000\040\000d\000e\000\040\000s\000e\000g\000u\000r\000i\000d\000a\000d}{section.1}% 6
\BOOKMARK [2][-]{subsection.1.5}{\376\377\000U\000n\000i\000d\000a\000d\000\040\0003\000:\000\040\000S\000e\000g\000u\000r\000i\000d\000a\000d\000\040\000d\000e\000\040\000R\000e\000d\000e\000s\000\040\000y\000\040\000A\000p\000l\000i\000c\000a\000c\000i\000o\000n\000e\000s}{section.1}% 7
\BOOKMARK [2][-]{subsection.1.6}{\376\377\000P\000l\000a\000t\000a\000f\000o\000r\000m\000a\000\040\000\050\000t\000o\000p\000o\000l\000o\000g\000\355\000a\000\051\000\040\000e\000x\000p\000e\000r\000i\000m\000e\000n\000t\000a\000l}{section.1}% 8
\BOOKMARK [2][-]{subsection.1.7}{\376\377\000R\000e\000f\000e\000r\000e\000n\000c\000i\000a\000s\000\040\000B\000i\000b\000l\000i\000o\000g\000r\000\341\000f\000i\000c\000a\000s}{section.1}% 9
\BOOKMARK [1][-]{section.2}{\376\377\000C\000l\000a\000s\000e\000\040\0002\000\040\000-\000\040\0002\0004\000\040\000d\000e\000\040\000A\000b\000r\000i\000l\000\040\0002\0000\0002\0005}{}% 10
\BOOKMARK [2][-]{subsection.2.1}{\376\377\000T\000r\000\355\000a\000d\000a\000\040\000C\000I\000D}{section.2}% 11
\BOOKMARK [2][-]{subsection.2.2}{\376\377\000D\000e\000l\000i\000t\000o\000\040\000I\000n\000f\000o\000r\000m\000\341\000t\000i\000c\000o\000\040\000\050\000C\000O\000I\000P\000\051}{section.2}% 12
\BOOKMARK [2][-]{subsection.2.3}{\376\377\000C\000i\000b\000e\000r\000-\000a\000t\000a\000c\000a\000n\000t\000e\000s}{section.2}% 13
\BOOKMARK [2][-]{subsection.2.4}{\376\377\000C\000i\000b\000e\000r\000-\000a\000t\000a\000q\000u\000e\000s}{section.2}% 14
\BOOKMARK [2][-]{subsection.2.5}{\376\377\000C\000i\000b\000e\000r\000-\000d\000e\000f\000e\000n\000s\000a}{section.2}% 15
\BOOKMARK [2][-]{subsection.2.6}{\376\377\000T\000i\000p\000o\000s\000\040\000d\000e\000\040\000a\000m\000e\000n\000a\000z\000a\000s}{section.2}% 16
\BOOKMARK [2][-]{subsection.2.7}{\376\377\000G\000e\000s\000t\000i\000\363\000n\000\040\000d\000e\000l\000\040\000T\000i\000e\000m\000p\000o}{section.2}% 17
\BOOKMARK [1][-]{section.3}{\376\377\000C\000l\000a\000s\000e\000\040\0003\000\040\000-\000\040\000H\000e\000r\000r\000a\000m\000i\000e\000n\000t\000a\000s\000\040\000T\000e\000c\000n\000o\000l\000\363\000g\000i\000c\000a\000s\000\040\000p\000a\000r\000a\000\040\000l\000a\000\040\000S\000e\000g\000u\000r\000i\000d\000a\000d\000\040\000d\000e\000l\000\040\000S\000o\000f\000t\000w\000a\000r\000e}{}% 18
\BOOKMARK [2][-]{subsection.3.1}{\376\377\000O\000b\000j\000e\000t\000i\000v\000o\000s\000\040\000d\000e\000\040\000A\000p\000r\000e\000n\000d\000i\000z\000a\000j\000e}{section.3}% 19
\BOOKMARK [2][-]{subsection.3.2}{\376\377\000A\000r\000q\000u\000i\000t\000e\000c\000t\000u\000r\000a\000\040\000d\000e\000\040\000S\000e\000g\000u\000r\000i\000d\000a\000d\000\040\000e\000n\000\040\000R\000e\000d\000e\000s}{section.3}% 20
\BOOKMARK [3][-]{subsubsection.3.2.1}{\376\377\000N\000i\000v\000e\000l\000e\000s\000\040\000d\000e\000\040\000S\000e\000g\000u\000r\000i\000d\000a\000d}{subsection.3.2}% 21
\BOOKMARK [2][-]{subsection.3.3}{\376\377\000H\000e\000r\000r\000a\000m\000i\000e\000n\000t\000a\000s\000\040\000d\000e\000\040\000S\000e\000g\000u\000r\000i\000d\000a\000d\000\040\000p\000o\000r\000\040\000C\000a\000t\000e\000g\000o\000r\000\355\000a}{section.3}% 22
\BOOKMARK [3][-]{subsubsection.3.3.1}{\376\377\000S\000e\000g\000u\000r\000i\000d\000a\000d\000\040\000I\000n\000a\000l\000\341\000m\000b\000r\000i\000c\000a}{subsection.3.3}% 23
\BOOKMARK [3][-]{subsubsection.3.3.2}{\376\377\000S\000e\000g\000u\000r\000i\000d\000a\000d\000\040\000P\000e\000r\000i\000m\000e\000t\000r\000a\000l}{subsection.3.3}% 24
\BOOKMARK [3][-]{subsubsection.3.3.3}{\376\377\000M\000o\000n\000i\000t\000o\000r\000e\000o\000\040\000y\000\040\000A\000n\000\341\000l\000i\000s\000i\000s}{subsection.3.3}% 25
\BOOKMARK [2][-]{subsection.3.4}{\376\377\000C\000l\000a\000s\000i\000f\000i\000c\000a\000c\000i\000\363\000n\000\040\000d\000e\000\040\000H\000e\000r\000r\000a\000m\000i\000e\000n\000t\000a\000s}{section.3}% 26
\BOOKMARK [2][-]{subsection.3.5}{\376\377\000H\000e\000r\000r\000a\000m\000i\000e\000n\000t\000a\000s\000\040\000A\000v\000a\000n\000z\000a\000d\000a\000s}{section.3}% 27
\BOOKMARK [2][-]{subsection.3.6}{\376\377\000C\000o\000n\000c\000l\000u\000s\000i\000\363\000n}{section.3}% 28
\BOOKMARK [2][-]{subsection.3.7}{\376\377\000P\000r\000\363\000x\000i\000m\000o\000s\000\040\000P\000a\000s\000o\000s}{section.3}% 29
\BOOKMARK [1][-]{section.4}{\376\377\000C\000l\000a\000s\000e\000\040\0004\000\040\000-\000\040\0006\000\040\000d\000e\000\040\000M\000a\000y\000o\000\040\0002\0000\0002\0005\000:\000\040\000M\000e\000c\000a\000n\000i\000s\000m\000o\000s\000\040\000d\000e\000\040\000S\000e\000g\000u\000r\000i\000d\000a\000d\000\040\000y\000\040\000C\000r\000i\000p\000t\000o\000g\000r\000a\000f\000\355\000a}{}% 30
\BOOKMARK [2][-]{subsection.4.1}{\376\377\000O\000b\000j\000e\000t\000i\000v\000o\000\040\000P\000r\000i\000n\000c\000i\000p\000a\000l}{section.4}% 31
\BOOKMARK [2][-]{subsection.4.2}{\376\377\000R\000e\000f\000l\000e\000x\000i\000\363\000n\000:\000\040\000E\000l\000\040\000V\000a\000l\000o\000r\000\040\000d\000e\000\040\000u\000n\000a\000\040\000P\000e\000r\000s\000o\000n\000a}{section.4}% 32
\BOOKMARK [2][-]{subsection.4.3}{\376\377\000M\000e\000c\000a\000n\000i\000s\000m\000o\000s\000\040\000d\000e\000\040\000S\000e\000g\000u\000r\000i\000d\000a\000d}{section.4}% 33
\BOOKMARK [3][-]{subsubsection.4.3.1}{\376\377\000F\000i\000r\000e\000w\000a\000l\000l\000s}{subsection.4.3}% 34
\BOOKMARK [3][-]{subsubsection.4.3.2}{\376\377\000U\000F\000W\000\040\000\050\000U\000n\000c\000o\000m\000p\000l\000i\000c\000a\000t\000e\000d\000\040\000F\000i\000r\000e\000w\000a\000l\000l\000\051}{subsection.4.3}% 35
\BOOKMARK [3][-]{subsubsection.4.3.3}{\376\377\000I\000P\000T\000a\000b\000l\000e\000s}{subsection.4.3}% 36
\BOOKMARK [3][-]{subsubsection.4.3.4}{\376\377\000O\000t\000r\000a\000s\000\040\000H\000e\000r\000r\000a\000m\000i\000e\000n\000t\000a\000s}{subsection.4.3}% 37
\BOOKMARK [2][-]{subsection.4.4}{\376\377\000A\000t\000a\000q\000u\000e\000s\000\040\000d\000e\000\040\000F\000u\000e\000r\000z\000a\000\040\000B\000r\000u\000t\000a}{section.4}% 38
\BOOKMARK [3][-]{subsubsection.4.4.1}{\376\377\000C\000o\000n\000c\000e\000p\000t\000o}{subsection.4.4}% 39
\BOOKMARK [3][-]{subsubsection.4.4.2}{\376\377\000A\000r\000c\000h\000i\000v\000o\000s\000\040\000C\000r\000\355\000t\000i\000c\000o\000s\000\040\000e\000n\000\040\000L\000i\000n\000u\000x}{subsection.4.4}% 40
\BOOKMARK [3][-]{subsubsection.4.4.3}{\376\377\000H\000e\000r\000r\000a\000m\000i\000e\000n\000t\000a\000s\000\040\000C\000o\000m\000u\000n\000e\000s}{subsection.4.4}% 41
\BOOKMARK [2][-]{subsection.4.5}{\376\377\000K\000e\000y\000l\000o\000g\000g\000e\000r\000s}{section.4}% 42
\BOOKMARK [2][-]{subsection.4.6}{\376\377\000E\000s\000t\000\341\000n\000d\000a\000r\000e\000s\000\040\000d\000e\000\040\000S\000e\000g\000u\000r\000i\000d\000a\000d}{section.4}% 43
\BOOKMARK [3][-]{subsubsection.4.6.1}{\376\377\000I\000S\000O\000/\000I\000E\000C\000\040\0002\0007\0000\0000\0000}{subsection.4.6}% 44
\BOOKMARK [3][-]{subsubsection.4.6.2}{\376\377\000N\000I\000S\000T\000\040\000C\000y\000b\000e\000r\000s\000e\000c\000u\000r\000i\000t\000y\000\040\000F\000r\000a\000m\000e\000w\000o\000r\000k}{subsection.4.6}% 45
\BOOKMARK [1][-]{section.5}{\376\377\000I\000n\000t\000r\000o\000d\000u\000c\000c\000i\000\363\000n\000\040\000a\000\040\000l\000a\000\040\000C\000r\000i\000p\000t\000o\000g\000r\000a\000f\000\355\000a}{}% 46
\BOOKMARK [2][-]{subsection.5.1}{\376\377\000C\000o\000n\000c\000e\000p\000t\000o\000s\000\040\000B\000\341\000s\000i\000c\000o\000s}{section.5}% 47
\BOOKMARK [2][-]{subsection.5.2}{\376\377\000T\000i\000p\000o\000s\000\040\000d\000e\000\040\000C\000r\000i\000p\000t\000o\000g\000r\000a\000f\000\355\000a}{section.5}% 48
\BOOKMARK [3][-]{subsubsection.5.2.1}{\376\377\000S\000i\000m\000\351\000t\000r\000i\000c\000a}{subsection.5.2}% 49
\BOOKMARK [3][-]{subsubsection.5.2.2}{\376\377\000A\000s\000i\000m\000\351\000t\000r\000i\000c\000a}{subsection.5.2}% 50
\BOOKMARK [3][-]{subsubsection.5.2.3}{\376\377\000F\000u\000n\000c\000i\000o\000n\000e\000s\000\040\000H\000a\000s\000h}{subsection.5.2}% 51
\BOOKMARK [2][-]{subsection.5.3}{\376\377\000R\000e\000c\000o\000m\000e\000n\000d\000a\000c\000i\000o\000n\000e\000s\000\040\000d\000e\000\040\000P\000e\000l\000\355\000c\000u\000l\000a\000s}{section.5}% 52
\BOOKMARK [2][-]{subsection.5.4}{\376\377\000P\000r\000\341\000c\000t\000i\000c\000a\000\040\000d\000e\000\040\000L\000a\000b\000o\000r\000a\000t\000o\000r\000i\000o\000:\000\040\000A\000t\000a\000q\000u\000e\000s\000\040\000d\000e\000\040\000F\000u\000e\000r\000z\000a\000\040\000B\000r\000u\000t\000a}{section.5}% 53
\BOOKMARK [2][-]{subsection.5.5}{\376\377\000C\000o\000n\000c\000l\000u\000s\000i\000\363\000n}{section.5}% 54
\BOOKMARK [1][-]{section.6}{\376\377\000C\000l\000a\000s\000e\000\040\0005\000\040\000-\000\040\0008\000\040\000d\000e\000\040\000M\000a\000y\000o\000\040\0002\0000\0002\0005\000:\000\040\000A\000t\000a\000q\000u\000e\000s\000\040\000d\000e\000\040\000F\000u\000e\000r\000z\000a\000\040\000B\000r\000u\000t\000a\000\040\000y\000\040\000K\000e\000y\000l\000o\000g\000g\000e\000r\000s}{}% 55
\BOOKMARK [2][-]{subsection.6.1}{\376\377\000O\000b\000j\000e\000t\000i\000v\000o\000s\000\040\000d\000e\000\040\000A\000p\000r\000e\000n\000d\000i\000z\000a\000j\000e}{section.6}% 56
\BOOKMARK [1][-]{section.7}{\376\377\000H\000e\000r\000r\000a\000m\000i\000e\000n\000t\000a\000s\000\040\000d\000e\000\040\000A\000t\000a\000q\000u\000e\000\040\000d\000e\000\040\000F\000u\000e\000r\000z\000a\000\040\000B\000r\000u\000t\000a\000\040\000e\000n\000\040\000K\000a\000l\000i\000\040\000L\000i\000n\000u\000x}{}% 57
\BOOKMARK [2][-]{subsection.7.1}{\376\377\000H\000y\000d\000r\000a\000:\000\040\000A\000t\000a\000q\000u\000e\000s\000\040\000a\000\040\000P\000r\000o\000t\000o\000c\000o\000l\000o\000s\000\040\000d\000e\000\040\000R\000e\000d}{section.7}% 58
\BOOKMARK [2][-]{subsection.7.2}{\376\377\000J\000o\000h\000n\000\040\000t\000h\000e\000\040\000R\000i\000p\000p\000e\000r\000:\000\040\000D\000e\000s\000c\000i\000f\000r\000a\000d\000o\000\040\000d\000e\000\040\000H\000a\000s\000h\000e\000s}{section.7}% 59
\BOOKMARK [2][-]{subsection.7.3}{\376\377\000M\000e\000d\000u\000s\000a\000:\000\040\000A\000t\000a\000q\000u\000e\000s\000\040\000M\000u\000l\000t\000i\000-\000p\000r\000o\000t\000o\000c\000o\000l\000o}{section.7}% 60
\BOOKMARK [2][-]{subsection.7.4}{\376\377\000B\000u\000r\000p\000\040\000S\000u\000i\000t\000e\000:\000\040\000A\000t\000a\000q\000u\000e\000s\000\040\000a\000\040\000F\000o\000r\000m\000u\000l\000a\000r\000i\000o\000s\000\040\000W\000e\000b}{section.7}% 61
\BOOKMARK [2][-]{subsection.7.5}{\376\377\000H\000a\000s\000h\000c\000a\000t\000:\000\040\000D\000e\000s\000c\000i\000f\000r\000a\000d\000o\000\040\000A\000v\000a\000n\000z\000a\000d\000o\000\040\000d\000e\000\040\000H\000a\000s\000h\000e\000s}{section.7}% 62
\BOOKMARK [1][-]{section.8}{\376\377\000K\000e\000y\000l\000o\000g\000g\000e\000r\000s}{}% 63
\BOOKMARK [2][-]{subsection.8.1}{\376\377\000\277\000Q\000u\000\351\000\040\000e\000s\000\040\000u\000n\000\040\000K\000e\000y\000l\000o\000g\000g\000e\000r\000?}{section.8}% 64
\BOOKMARK [2][-]{subsection.8.2}{\376\377\000I\000m\000p\000l\000i\000c\000a\000c\000i\000o\000n\000e\000s\000\040\000d\000e\000\040\000S\000e\000g\000u\000r\000i\000d\000a\000d}{section.8}% 65
\BOOKMARK [1][-]{section.9}{\376\377\000C\000o\000n\000c\000l\000u\000s\000i\000\363\000n}{}% 66
\BOOKMARK [1][-]{section.10}{\376\377\000P\000r\000\363\000x\000i\000m\000o\000s\000\040\000P\000a\000s\000o\000s}{}% 67
\BOOKMARK [1][-]{section.11}{\376\377\000C\000l\000a\000s\000e\000\040\0006\000\040\000-\000\040\0001\0003\000\040\000d\000e\000\040\000M\000a\000y\000o\000\040\0002\0000\0002\0005\000:\000\040\000S\000G\000S\000I\000\040\000y\000\040\000N\000o\000r\000m\000a\000t\000i\000v\000a\000\040\000I\000S\000O\000\040\0002\0007\0000\0000\0000}{}% 68
\BOOKMARK [2][-]{subsection.11.1}{\376\377\000R\000e\000q\000u\000e\000r\000i\000m\000i\000e\000n\000t\000o\000s\000\040\000F\000u\000n\000c\000i\000o\000n\000a\000l\000e\000s\000\040\000d\000e\000\040\000l\000a\000\040\000S\000e\000g\000u\000r\000i\000d\000a\000d\000\040\000d\000e\000\040\000l\000a\000\040\000I\000n\000f\000o\000r\000m\000a\000c\000i\000\363\000n}{section.11}% 69
\BOOKMARK [2][-]{subsection.11.2}{\376\377\000C\000o\000m\000p\000o\000n\000e\000n\000t\000e\000s\000\040\000d\000e\000l\000\040\000S\000G\000S\000I}{section.11}% 70
\BOOKMARK [2][-]{subsection.11.3}{\376\377\000C\000o\000n\000c\000e\000p\000t\000o\000s\000\040\000C\000l\000a\000v\000e\000\040\000d\000e\000\040\000I\000S\000O\000\040\0002\0007\0000\0000\0000}{section.11}% 71
\BOOKMARK [2][-]{subsection.11.4}{\376\377\000B\000e\000n\000e\000f\000i\000c\000i\000o\000s\000\040\000d\000e\000\040\000I\000m\000p\000l\000e\000m\000e\000n\000t\000a\000r\000\040\000u\000n\000\040\000S\000G\000S\000I}{section.11}% 72
\BOOKMARK [2][-]{subsection.11.5}{\376\377\000H\000e\000r\000r\000a\000m\000i\000e\000n\000t\000a\000s\000\040\000T\000e\000c\000n\000o\000l\000\363\000g\000i\000c\000a\000s\000\040\000p\000a\000r\000a\000\040\000l\000a\000\040\000S\000e\000g\000u\000r\000i\000d\000a\000d}{section.11}% 73
\BOOKMARK [2][-]{subsection.11.6}{\376\377\000R\000e\000c\000u\000r\000s\000o\000s\000\040\000A\000d\000i\000c\000i\000o\000n\000a\000l\000e\000s}{section.11}% 74
\BOOKMARK [2][-]{subsection.11.7}{\376\377\000C\000o\000n\000c\000l\000u\000s\000i\000\363\000n}{section.11}% 75
\BOOKMARK [2][-]{subsection.11.8}{\376\377\000P\000r\000\363\000x\000i\000m\000o\000s\000\040\000P\000a\000s\000o\000s}{section.11}% 76
\BOOKMARK [1][-]{section.12}{\376\377\000C\000l\000a\000s\000e\000\040\0007\000\040\000-\000\040\0001\0005\000\040\000d\000e\000\040\000M\000a\000y\000o\000\040\0002\0000\0002\0005\000:\000\040\000E\000s\000p\000e\000c\000i\000f\000i\000c\000a\000c\000i\000\363\000n\000\040\000d\000e\000\040\000R\000e\000q\000u\000i\000s\000i\000t\000o\000s\000\040\000d\000e\000\040\000S\000e\000g\000u\000r\000i\000d\000a\000d}{}% 77
\BOOKMARK [2][-]{subsection.12.1}{\376\377\000O\000b\000j\000e\000t\000i\000v\000o\000\040\000d\000e\000\040\000A\000p\000r\000e\000n\000d\000i\000z\000a\000j\000e}{section.12}% 78
\BOOKMARK [2][-]{subsection.12.2}{\376\377\000R\000e\000f\000l\000e\000x\000i\000\363\000n}{section.12}% 79
\BOOKMARK [2][-]{subsection.12.3}{\376\377\000C\000o\000n\000s\000e\000j\000o\000s\000\040\000d\000e\000\040\000E\000d\000i\000c\000i\000\363\000n}{section.12}% 80
\BOOKMARK [3][-]{subsubsection.12.3.1}{\376\377\000E\000s\000c\000r\000i\000t\000u\000r\000a\000\040\000d\000e\000\040\000p\000\341\000r\000r\000a\000f\000o\000s}{subsection.12.3}% 81
\BOOKMARK [1][-]{section.13}{\376\377\000C\000l\000a\000s\000e\000\040\0008\000\040\000-\000\040\0002\0000\000\040\000d\000e\000\040\000M\000a\000y\000o\000\040\0002\0000\0002\0005\000:\000\040\000E\000s\000p\000e\000c\000i\000f\000i\000c\000a\000c\000i\000\363\000n\000\040\000d\000e\000\040\000R\000e\000q\000u\000i\000s\000i\000t\000o\000s\000\040\000d\000e\000\040\000S\000e\000g\000u\000r\000i\000d\000a\000d}{}% 82
\BOOKMARK [2][-]{subsection.13.1}{\376\377\000I\000n\000t\000r\000o\000d\000u\000c\000c\000i\000\363\000n}{section.13}% 83
\BOOKMARK [3][-]{subsubsection.13.1.1}{\376\377\000E\000s\000t\000\341\000n\000d\000a\000r\000e\000s\000\040\000C\000l\000a\000v\000e}{subsection.13.1}% 84
\BOOKMARK [2][-]{subsection.13.2}{\376\377\000R\000e\000q\000u\000i\000s\000i\000t\000o\000s\000\040\000E\000s\000e\000n\000c\000i\000a\000l\000e\000s\000\040\000d\000e\000\040\000S\000e\000g\000u\000r\000i\000d\000a\000d}{section.13}% 85
\BOOKMARK [3][-]{subsubsection.13.2.1}{\376\377\0001\000.\000\040\000A\000u\000t\000e\000n\000t\000i\000c\000a\000c\000i\000\363\000n\000\040\000y\000\040\000A\000u\000t\000o\000r\000i\000z\000a\000c\000i\000\363\000n}{subsection.13.2}% 86
\BOOKMARK [3][-]{subsubsection.13.2.2}{\376\377\0002\000.\000\040\000V\000a\000l\000i\000d\000a\000c\000i\000\363\000n\000\040\000d\000e\000\040\000E\000n\000t\000r\000a\000d\000a}{subsection.13.2}% 87
\BOOKMARK [3][-]{subsubsection.13.2.3}{\376\377\0003\000.\000\040\000S\000e\000g\000u\000r\000i\000d\000a\000d\000\040\000e\000n\000\040\000l\000a\000\040\000C\000o\000m\000u\000n\000i\000c\000a\000c\000i\000\363\000n}{subsection.13.2}% 88
\BOOKMARK [2][-]{subsection.13.3}{\376\377\000O\000W\000A\000S\000P\000\040\000T\000o\000p\000\040\0001\0000\000:\000\040\000A\000m\000e\000n\000a\000z\000a\000s\000\040\000P\000r\000i\000n\000c\000i\000p\000a\000l\000e\000s}{section.13}% 89
\BOOKMARK [2][-]{subsection.13.4}{\376\377\000P\000r\000\341\000c\000t\000i\000c\000a\000\040\000d\000e\000\040\000L\000a\000b\000o\000r\000a\000t\000o\000r\000i\000o\000:\000\040\000O\000W\000A\000S\000P\000\040\000Z\000A\000P}{section.13}% 90
\BOOKMARK [2][-]{subsection.13.5}{\376\377\000C\000h\000e\000c\000k\000l\000i\000s\000t\000\040\000d\000e\000\040\000S\000e\000g\000u\000r\000i\000d\000a\000d}{section.13}% 91
\BOOKMARK [2][-]{subsection.13.6}{\376\377\000R\000e\000c\000u\000r\000s\000o\000s\000\040\000A\000d\000i\000c\000i\000o\000n\000a\000l\000e\000s}{section.13}% 92
\BOOKMARK [2][-]{subsection.13.7}{\376\377\000C\000o\000n\000c\000l\000u\000s\000i\000\363\000n}{section.13}% 93
\BOOKMARK [1][-]{section.14}{\376\377\000C\000l\000a\000s\000e\000\040\0009\000\040\000-\000\040\0002\0002\000\040\000d\000e\000\040\000M\000a\000y\000o\000\040\0002\0000\0002\0005\000:\000\040\000A\000n\000\341\000l\000i\000s\000i\000s\000\040\000d\000e\000\040\000A\000m\000e\000n\000a\000z\000a\000s\000\040\000y\000\040\000V\000u\000l\000n\000e\000r\000a\000b\000i\000l\000i\000d\000a\000d\000e\000s}{}% 94
\BOOKMARK [2][-]{subsection.14.1}{\376\377\000O\000b\000j\000e\000t\000i\000v\000o\000s\000\040\000d\000e\000\040\000a\000p\000r\000e\000n\000d\000i\000z\000a\000j\000e}{section.14}% 95
\BOOKMARK [2][-]{subsection.14.2}{\376\377\000R\000e\000f\000l\000e\000x\000i\000\363\000n\000:\000\040\000Z\000o\000n\000a\000\040\000d\000e\000\040\000C\000o\000n\000f\000o\000r\000t}{section.14}% 96
\BOOKMARK [2][-]{subsection.14.3}{\376\377\000M\000i\000a\000:\000\040\000A\000p\000r\000e\000n\000d\000i\000z\000a\000j\000e\000\040\000A\000c\000t\000i\000v\000o}{section.14}% 97
\BOOKMARK [2][-]{subsection.14.4}{\376\377\000M\000a\000r\000c\000o\000\040\000T\000e\000\363\000r\000i\000c\000o\000:\000\040\000A\000m\000e\000n\000a\000z\000a\000s\000\040\000y\000\040\000V\000u\000l\000n\000e\000r\000a\000b\000i\000l\000i\000d\000a\000d\000e\000s}{section.14}% 98
\BOOKMARK [3][-]{subsubsection.14.4.1}{\376\377\000E\000j\000e\000m\000p\000l\000o\000s\000\040\000d\000e\000\040\000v\000u\000l\000n\000e\000r\000a\000b\000i\000l\000i\000d\000a\000d\000e\000s\000\040\000c\000o\000m\000u\000n\000e\000s}{subsection.14.4}% 99
\BOOKMARK [2][-]{subsection.14.5}{\376\377\000E\000S\000Q\000U\000E\000M\000A\000\040\000G\000U\000B\000E\000R\000N\000A\000M\000E\000N\000T\000A\000L\000\040\000D\000E\000\040\000S\000E\000G\000U\000R\000I\000D\000A\000D\000\040\000D\000E\000\040\000L\000A\000\040\000I\000N\000F\000O\000R\000M\000A\000C\000I\000\323\000N\000\040\000\050\000E\000G\000S\000I\000\051}{section.14}% 100
\BOOKMARK [1][-]{section.15}{\376\377\000P\000r\000\341\000c\000t\000i\000c\000a\000\040\000d\000e\000\040\000l\000a\000b\000o\000r\000a\000t\000o\000r\000i\000o\000\040\0006\000:\000\040\000A\000n\000\341\000l\000i\000s\000i\000s\000\040\000d\000e\000\040\000v\000u\000l\000n\000e\000r\000a\000b\000i\000l\000i\000d\000a\000d\000e\000s\000\040\000c\000o\000n\000\040\000O\000W\000A\000S\000P\000-\000Z\000A\000P}{}% 101
\BOOKMARK [2][-]{subsection.15.1}{\376\377\000O\000b\000j\000e\000t\000i\000v\000o\000\040\000d\000e\000\040\000a\000p\000r\000e\000n\000d\000i\000z\000a\000j\000e}{section.15}% 102
\BOOKMARK [2][-]{subsection.15.2}{\376\377\000M\000a\000r\000c\000o\000\040\000t\000e\000\363\000r\000i\000c\000o}{section.15}% 103
\BOOKMARK [3][-]{subsubsection.15.2.1}{\376\377\000O\000W\000A\000S\000P}{subsection.15.2}% 104
\BOOKMARK [3][-]{subsubsection.15.2.2}{\376\377\000O\000W\000A\000S\000P\000-\000Z\000A\000P\000\040\000\050\000Z\000e\000d\000\040\000A\000t\000t\000a\000c\000k\000\040\000P\000r\000o\000x\000y\000\051}{subsection.15.2}% 105
